<?xml version="1.0" encoding="UTF-8"?>
<!-- Generated by org.testng.reporters.JUnitXMLReporter -->
<testsuite ignored="1" hostname="Farhan" failures="0" tests="1" name="Default test" time="23.986" errors="0" timestamp="2025-11-08T22:46:58 IST">
  <testcase classname="com.hrtest.LoginPageTest" name="invalidLoginTest" time="12.927"/>
  <testcase classname="com.hrtest.LoginPageTest" name="verfyValidityLoginTest" time="0.0">
    <ignored/>
  </testcase> <!-- verfyValidityLoginTest -->
</testsuite> <!-- Default test -->
