<?xml version="1.0" encoding="UTF-8"?>
<!-- Generated by org.testng.reporters.JUnitXMLReporter -->
<testsuite ignored="2" hostname="Farhan" failures="0" tests="4" name="Test" time="25.633" errors="0" timestamp="2025-11-11T01:05:41 IST">
  <testcase classname="com.hrtest.testdo" name="testmethod" time="0.027"/>
  <testcase classname="com.hrtest.LoginPageTest" name="invalidLoginTest" time="2.551"/>
  <testcase classname="com.hrtest.HomePageTest" name="verifyAdminTabVisibilityTest" time="7.028"/>
  <testcase classname="com.hrtest.LoginPageTest" name="verfyValidityLoginTest" time="6.138"/>
  <testcase classname="com.demoproj.base.BaseClass" name="@BeforeSuite loadconfig" time="0.0">
    <ignored/>
  </testcase> <!-- @BeforeSuite loadconfig -->
  <testcase classname="com.demoproj.base.BaseClass" name="@BeforeSuite loadconfig" time="0.0">
    <ignored/>
  </testcase> <!-- @BeforeSuite loadconfig -->
</testsuite> <!-- Test -->
