<?xml version="1.0" encoding="UTF-8"?>
<!-- Generated by org.testng.reporters.JUnitXMLReporter -->
<testsuite ignored="1" hostname="Farhan" failures="0" tests="2" name="Test" time="18.996" errors="0" timestamp="2025-11-04T19:18:27 IST">
  <testcase classname="com.hrtest.testdo" name="testmethod" time="0.058"/>
  <testcase classname="com.hrtest.LoginPageTest" name="verfyValidityLoginTest" time="2.797"/>
  <testcase classname="com.demoproj.base.BaseClass" name="@BeforeSuite loadconfig" time="0.0">
    <ignored/>
  </testcase> <!-- @BeforeSuite loadconfig -->
</testsuite> <!-- Test -->
